# JRE version: OpenJDK Runtime Environment JBR-21.0.6+8-631.39-jcef (21.0.6+8) (build 21.0.6+8-b631.39)
# Java VM: OpenJDK 64-Bit Server VM JBR-21.0.6+8-631.39-jcef (21.0.6+8-b631.39, mixed mode, emulated-client, sharing, tiered, compressed oops, compressed class ptrs, g1 gc, bsd-aarch64)
GC Precious Log:
 CardTable entry size: 512
 Card Set container configuration: InlinePtr #cards 4 size 8 Array Of Cards #cards 32 size 80 Howl #buckets 8 coarsen threshold 7372 Howl Bitmap #cards 1024 size 144 coarsen threshold 921 Card regions per heap region 1 cards per card region 8192
 CPUs: 12 total, 12 available
 Memory: 32768M
 Large Page Support: Disabled
 NUMA Support: Disabled
 Compressed Oops: Enabled (Zero based)
 Heap Region Size: 4M
 Heap Min Capacity: 8M
 Heap Initial Capacity: 512M
 Heap Max Capacity: 8G
 Pre-touch: Disabled
 Parallel Workers: 10
 Concurrent Workers: 3
 Concurrent Refinement Workers: 10
 Periodic GC: Disabled
Heap:
 garbage-first heap   total 204800K, used 66336K [0x0000000600000000, 0x0000000800000000)
  region size 4096K, 4 young (16384K), 1 survivors (4096K)
 Metaspace       used 119169K, committed 120192K, reserved 1179648K
  class space    used 16813K, committed 17280K, reserved 1048576K
GC Heap History (20 events):
Event: 13.407 GC heap before
{Heap before GC invocations=48 (full 0):
 garbage-first heap   total 217088K, used 186091K [0x0000000600000000, 0x0000000800000000)
  region size 4096K, 31 young (126976K), 2 survivors (8192K)
 Metaspace       used 113032K, committed 113920K, reserved 1179648K
  class space    used 15827K, committed 16256K, reserved 1048576K
}
Event: 13.410 GC heap after
{Heap after GC invocations=49 (full 0):
 garbage-first heap   total 217088K, used 77684K [0x0000000600000000, 0x0000000800000000)
  region size 4096K, 4 young (16384K), 4 survivors (16384K)
 Metaspace       used 113032K, committed 113920K, reserved 1179648K
  class space    used 15827K, committed 16256K, reserved 1048576K
}
Event: 13.532 GC heap before
{Heap before GC invocations=50 (full 0):
 garbage-first heap   total 217088K, used 180084K [0x0000000600000000, 0x0000000800000000)
  region size 4096K, 29 young (118784K), 4 survivors (16384K)
 Metaspace       used 113032K, committed 113920K, reserved 1179648K
  class space    used 15827K, committed 16256K, reserved 1048576K
}
Event: 13.535 GC heap after
{Heap after GC invocations=51 (full 0):
 garbage-first heap   total 217088K, used 83843K [0x0000000600000000, 0x0000000800000000)
  region size 4096K, 4 young (16384K), 4 survivors (16384K)
 Metaspace       used 113032K, committed 113920K, reserved 1179648K
  class space    used 15827K, committed 16256K, reserved 1048576K
}
Event: 13.667 GC heap before
{Heap before GC invocations=51 (full 0):
 garbage-first heap   total 217088K, used 182147K [0x0000000600000000, 0x0000000800000000)
  region size 4096K, 28 young (114688K), 4 survivors (16384K)
 Metaspace       used 113032K, committed 113920K, reserved 1179648K
  class space    used 15827K, committed 16256K, reserved 1048576K
}
Event: 13.671 GC heap after
{Heap after GC invocations=52 (full 0):
 garbage-first heap   total 217088K, used 83625K [0x0000000600000000, 0x0000000800000000)
  region size 4096K, 4 young (16384K), 4 survivors (16384K)
 Metaspace       used 113032K, committed 113920K, reserved 1179648K
  class space    used 15827K, committed 16256K, reserved 1048576K
}
Event: 13.799 GC heap before
{Heap before GC invocations=52 (full 0):
 garbage-first heap   total 217088K, used 181929K [0x0000000600000000, 0x0000000800000000)
  region size 4096K, 28 young (114688K), 4 survivors (16384K)
 Metaspace       used 113032K, committed 113920K, reserved 1179648K
  class space    used 15827K, committed 16256K, reserved 1048576K
}
Event: 13.800 GC heap after
{Heap after GC invocations=53 (full 0):
 garbage-first heap   total 217088K, used 73519K [0x0000000600000000, 0x0000000800000000)
  region size 4096K, 2 young (8192K), 2 survivors (8192K)
 Metaspace       used 113032K, committed 113920K, reserved 1179648K
  class space    used 15827K, committed 16256K, reserved 1048576K
}
Event: 13.945 GC heap before
{Heap before GC invocations=53 (full 0):
 garbage-first heap   total 217088K, used 184111K [0x0000000600000000, 0x0000000800000000)
  region size 4096K, 29 young (118784K), 2 survivors (8192K)
 Metaspace       used 113032K, committed 113920K, reserved 1179648K
  class space    used 15827K, committed 16256K, reserved 1048576K
}
Event: 13.946 GC heap after
{Heap after GC invocations=54 (full 0):
 garbage-first heap   total 217088K, used 72170K [0x0000000600000000, 0x0000000800000000)
  region size 4096K, 2 young (8192K), 2 survivors (8192K)
 Metaspace       used 113032K, committed 113920K, reserved 1179648K
  class space    used 15827K, committed 16256K, reserved 1048576K
}
Event: 14.096 GC heap before
{Heap before GC invocations=54 (full 0):
 garbage-first heap   total 217088K, used 182762K [0x0000000600000000, 0x0000000800000000)
  region size 4096K, 29 young (118784K), 2 survivors (8192K)
 Metaspace       used 113032K, committed 113920K, reserved 1179648K
  class space    used 15827K, committed 16256K, reserved 1048576K
}
Event: 14.097 GC heap after
{Heap after GC invocations=55 (full 0):
 garbage-first heap   total 217088K, used 68327K [0x0000000600000000, 0x0000000800000000)
  region size 4096K, 1 young (4096K), 1 survivors (4096K)
 Metaspace       used 113032K, committed 113920K, reserved 1179648K
  class space    used 15827K, committed 16256K, reserved 1048576K
}
Event: 14.312 GC heap before
{Heap before GC invocations=55 (full 0):
 garbage-first heap   total 217088K, used 187111K [0x0000000600000000, 0x0000000800000000)
  region size 4096K, 30 young (122880K), 1 survivors (4096K)
 Metaspace       used 113551K, committed 114432K, reserved 1179648K
  class space    used 15912K, committed 16320K, reserved 1048576K
}
Event: 14.313 GC heap after
{Heap after GC invocations=56 (full 0):
 garbage-first heap   total 217088K, used 55752K [0x0000000600000000, 0x0000000800000000)
  region size 4096K, 1 young (4096K), 1 survivors (4096K)
 Metaspace       used 113551K, committed 114432K, reserved 1179648K
  class space    used 15912K, committed 16320K, reserved 1048576K
}
Event: 15.377 GC heap before
{Heap before GC invocations=56 (full 0):
 garbage-first heap   total 217088K, used 178632K [0x0000000600000000, 0x0000000800000000)
  region size 4096K, 31 young (126976K), 1 survivors (4096K)
 Metaspace       used 116602K, committed 117440K, reserved 1179648K
  class space    used 16341K, committed 16704K, reserved 1048576K
}
Event: 15.378 GC heap after
{Heap after GC invocations=57 (full 0):
 garbage-first heap   total 217088K, used 56933K [0x0000000600000000, 0x0000000800000000)
  region size 4096K, 1 young (4096K), 1 survivors (4096K)
 Metaspace       used 116602K, committed 117440K, reserved 1179648K
  class space    used 16341K, committed 16704K, reserved 1048576K
}
Event: 45.382 GC heap before
{Heap before GC invocations=57 (full 0):
 garbage-first heap   total 217088K, used 175717K [0x0000000600000000, 0x0000000800000000)
  region size 4096K, 31 young (126976K), 1 survivors (4096K)
 Metaspace       used 118249K, committed 119232K, reserved 1179648K
  class space    used 16651K, committed 17088K, reserved 1048576K
}
Event: 45.383 GC heap after
{Heap after GC invocations=58 (full 0):
 garbage-first heap   total 217088K, used 57288K [0x0000000600000000, 0x0000000800000000)
  region size 4096K, 1 young (4096K), 1 survivors (4096K)
 Metaspace       used 118249K, committed 119232K, reserved 1179648K
  class space    used 16651K, committed 17088K, reserved 1048576K
}
Event: 104.862 GC heap before
{Heap before GC invocations=58 (full 0):
 garbage-first heap   total 217088K, used 159688K [0x0000000600000000, 0x0000000800000000)
  region size 4096K, 28 young (114688K), 1 survivors (4096K)
 Metaspace       used 119143K, committed 120192K, reserved 1179648K
  class space    used 16806K, committed 17280K, reserved 1048576K
}
Event: 104.864 GC heap after
{Heap after GC invocations=59 (full 0):
 garbage-first heap   total 217088K, used 58144K [0x0000000600000000, 0x0000000800000000)
  region size 4096K, 1 young (4096K), 1 survivors (4096K)
 Metaspace       used 119143K, committed 120192K, reserved 1179648K
  class space    used 16806K, committed 17280K, reserved 1048576K
}

